Time resolution is 1 ps
[TX 0] DATA = 00000000000000000000000000000000
[TX 1] DATA = 00010001000100010001000100010001
[TX 2] DATA = 01000100010001000100010001000100
[TX 3] DATA = 00010001000100010001000100010001
[TX 4] DATA = 01000100010001000100010001000100
[TX 5] DATA = 00010001000100010001000100010001
[TX 6] DATA = 01000100010001000100010001000100
[TX 7] DATA = 00010001000100010001000100010001
[TX 8] DATA = 01000100010001000100010001000100
[TX 9] DATA = 00010001000100010001000100010001
[TX 10] DATA = 01000100010001000100010001000100
[TX 11] DATA = 00010001000100010001000100010001
[TX 12] DATA = 01000100010001000100010001000100
[RX] Output = 000102000000020000020000
[TX 13] DATA = 00010001000100010001000100010001
[RX] Output = 030000000000000001010002
[TX 14] DATA = 01000100010001000100010001000100
[RX] Output = 000102000000020000020000
[TX 15] DATA = 00010001000100010001000100010001
[TX 16] DATA = 01000100010001000100010001000100
[TX 17] DATA = 00010001000100010001000100010001
[TX 18] DATA = 01000100010001000100010001000100
[TX 19] DATA = 00010001000100010001000100010001
20 input transactions sent.
[RX] Output = 000102000000020000020000
[RX] Output = 030000000000000001010002
[RX] Output = 000102000000020000020000
[RX] Output = 030000000000000001010002
[RX] Output = 000102000000020000020000
[RX] Output = 030000000000000001010002
[RX] Output = 000102000000020000020000
[RX] Output = 030000000000000001010002
[RX] Output = 000102000000020000020000
$finish called at time : 785 ns : File "D:/FSRCNN/ip_repo/Shrinking_Layer/Shrinking_Layer.srcs/sim_1/new/tb_Shrinking_Layer.v" Line 88
