Copyright 1986-2022 Xilinx, Inc. All Rights Reserved. Copyright 2022-2023 Advanced Micro Devices, Inc. All Rights Reserved.
---------------------------------------------------------------------------------------------------------------------------------------------
| Tool Version : Vivado v.2023.1 (win64) Build 3865809 Sun May  7 15:05:29 MDT 2023
| Date         : Sat Jul 19 16:53:04 2025
| Host         : DESKTOP-INFKKCG running 64-bit major release  (build 9200)
| Command      : report_utilization -file Shrinking_Layer_utilization_placed.rpt -pb Shrinking_Layer_utilization_placed.pb
| Design       : Shrinking_Layer
| Device       : xczu9eg-ffvb1156-2-e
| Speed File   : -2
| Design State : Fully Placed
---------------------------------------------------------------------------------------------------------------------------------------------

Utilization Design Information

Table of Contents
-----------------
1. CLB Logic
1.1 Summary of Registers by Type
2. CLB Logic Distribution
3. BLOCKRAM
4. ARITHMETIC
5. I/O
6. CLOCK
7. ADVANCED
8. CONFIGURATION
9. Primitives
10. Black Boxes
11. Instantiated Netlists

1. CLB Logic
------------

+----------------------------+------+-------+------------+-----------+-------+
|          Site Type         | Used | Fixed | Prohibited | Available | Util% |
+----------------------------+------+-------+------------+-----------+-------+
| CLB LUTs                   | 4700 |     0 |          0 |    274080 |  1.71 |
|   LUT as Logic             | 4699 |     0 |          0 |    274080 |  1.71 |
|   LUT as Memory            |    1 |     0 |          0 |    144000 | <0.01 |
|     LUT as Distributed RAM |    0 |     0 |            |           |       |
|     LUT as Shift Register  |    1 |     0 |            |           |       |
| CLB Registers              | 4244 |     0 |          0 |    548160 |  0.77 |
|   Register as Flip Flop    | 4244 |     0 |          0 |    548160 |  0.77 |
|   Register as Latch        |    0 |     0 |          0 |    548160 |  0.00 |
| CARRY8                     |  717 |     0 |          0 |     34260 |  2.09 |
| F7 Muxes                   |    0 |     0 |          0 |    137040 |  0.00 |
| F8 Muxes                   |    0 |     0 |          0 |     68520 |  0.00 |
| F9 Muxes                   |    0 |     0 |          0 |     34260 |  0.00 |
+----------------------------+------+-------+------------+-----------+-------+
* Warning! LUT value is adjusted to account for LUT combining.


1.1 Summary of Registers by Type
--------------------------------

+-------+--------------+-------------+--------------+
| Total | Clock Enable | Synchronous | Asynchronous |
+-------+--------------+-------------+--------------+
| 0     |            _ |           - |            - |
| 0     |            _ |           - |          Set |
| 0     |            _ |           - |        Reset |
| 0     |            _ |         Set |            - |
| 0     |            _ |       Reset |            - |
| 0     |          Yes |           - |            - |
| 0     |          Yes |           - |          Set |
| 0     |          Yes |           - |        Reset |
| 12    |          Yes |         Set |            - |
| 4232  |          Yes |       Reset |            - |
+-------+--------------+-------------+--------------+


2. CLB Logic Distribution
-------------------------

+--------------------------------------------+------+-------+------------+-----------+-------+
|                  Site Type                 | Used | Fixed | Prohibited | Available | Util% |
+--------------------------------------------+------+-------+------------+-----------+-------+
| CLB                                        |  831 |     0 |          0 |     34260 |  2.43 |
|   CLBL                                     |  282 |     0 |            |           |       |
|   CLBM                                     |  549 |     0 |            |           |       |
| LUT as Logic                               | 4699 |     0 |          0 |    274080 |  1.71 |
|   using O5 output only                     |   13 |       |            |           |       |
|   using O6 output only                     | 3827 |       |            |           |       |
|   using O5 and O6                          |  859 |       |            |           |       |
| LUT as Memory                              |    1 |     0 |          0 |    144000 | <0.01 |
|   LUT as Distributed RAM                   |    0 |     0 |            |           |       |
|   LUT as Shift Register                    |    1 |     0 |            |           |       |
|     using O5 output only                   |    0 |       |            |           |       |
|     using O6 output only                   |    1 |       |            |           |       |
|     using O5 and O6                        |    0 |       |            |           |       |
| CLB Registers                              | 4244 |     0 |          0 |    548160 |  0.77 |
|   Register driven from within the CLB      | 3757 |       |            |           |       |
|   Register driven from outside the CLB     |  487 |       |            |           |       |
|     LUT in front of the register is unused |  388 |       |            |           |       |
|     LUT in front of the register is used   |   99 |       |            |           |       |
| Unique Control Sets                        |   57 |       |          0 |     68520 |  0.08 |
+--------------------------------------------+------+-------+------------+-----------+-------+
* * Note: Available Control Sets calculated as Slices * 2, Review the Control Sets Report for more information regarding control sets.


3. BLOCKRAM
-----------

+-------------------+------+-------+------------+-----------+-------+
|     Site Type     | Used | Fixed | Prohibited | Available | Util% |
+-------------------+------+-------+------------+-----------+-------+
| Block RAM Tile    |    3 |     0 |          0 |       912 |  0.33 |
|   RAMB36/FIFO*    |    3 |     0 |          0 |       912 |  0.33 |
|     RAMB36E2 only |    3 |       |            |           |       |
|   RAMB18          |    0 |     0 |          0 |      1824 |  0.00 |
+-------------------+------+-------+------------+-----------+-------+
* Note: Each Block RAM Tile only has one FIFO logic available and therefore can accommodate only one FIFO36E2 or one FIFO18E2. However, if a FIFO18E2 occupies a Block RAM Tile, that tile can still accommodate a RAMB18E2


4. ARITHMETIC
-------------

+----------------+------+-------+------------+-----------+-------+
|    Site Type   | Used | Fixed | Prohibited | Available | Util% |
+----------------+------+-------+------------+-----------+-------+
| DSPs           |  166 |     0 |          0 |      2520 |  6.59 |
|   DSP48E2 only |  166 |       |            |           |       |
+----------------+------+-------+------------+-----------+-------+


5. I/O
------

+------------------+------+-------+------------+-----------+--------+
|     Site Type    | Used | Fixed | Prohibited | Available |  Util% |
+------------------+------+-------+------------+-----------+--------+
| Bonded IOB       |  232 |     0 |          0 |       328 |  70.73 |
| HPIOB_M          |   96 |     0 |          0 |        96 | 100.00 |
|   INPUT          |   58 |       |            |           |        |
|   OUTPUT         |   38 |       |            |           |        |
|   BIDIR          |    0 |       |            |           |        |
| HPIOB_S          |   96 |     0 |          0 |        96 | 100.00 |
|   INPUT          |   58 |       |            |           |        |
|   OUTPUT         |   38 |       |            |           |        |
|   BIDIR          |    0 |       |            |           |        |
| HDIOB_M          |   13 |     0 |          0 |        60 |  21.67 |
|   INPUT          |    2 |       |            |           |        |
|   OUTPUT         |   11 |       |            |           |        |
|   BIDIR          |    0 |       |            |           |        |
| HDIOB_S          |   11 |     0 |          0 |        60 |  18.33 |
|   INPUT          |    2 |       |            |           |        |
|   OUTPUT         |    9 |       |            |           |        |
|   BIDIR          |    0 |       |            |           |        |
| HPIOB_SNGL       |   16 |     0 |          0 |        16 | 100.00 |
|   INPUT          |   12 |       |            |           |        |
|   OUTPUT         |    4 |       |            |           |        |
|   BIDIR          |    0 |       |            |           |        |
| HPIOBDIFFINBUF   |    0 |     0 |          0 |        96 |   0.00 |
| HPIOBDIFFOUTBUF  |    0 |     0 |          0 |        96 |   0.00 |
| HDIOBDIFFINBUF   |    0 |     0 |          0 |        60 |   0.00 |
| BITSLICE_CONTROL |    0 |     0 |          0 |        32 |   0.00 |
| BITSLICE_RX_TX   |    0 |     0 |          0 |      1248 |   0.00 |
| BITSLICE_TX      |    0 |     0 |          0 |        32 |   0.00 |
| RIU_OR           |    0 |     0 |          0 |        16 |   0.00 |
+------------------+------+-------+------------+-----------+--------+


6. CLOCK
--------

+----------------------+------+-------+------------+-----------+-------+
|       Site Type      | Used | Fixed | Prohibited | Available | Util% |
+----------------------+------+-------+------------+-----------+-------+
| GLOBAL CLOCK BUFFERs |    1 |     0 |          0 |       404 |  0.25 |
|   BUFGCE             |    1 |     0 |          0 |       116 |  0.86 |
|   BUFGCE_DIV         |    0 |     0 |          0 |        16 |  0.00 |
|   BUFG_GT            |    0 |     0 |          0 |       168 |  0.00 |
|   BUFG_PS            |    0 |     0 |          0 |        72 |  0.00 |
|   BUFGCTRL*          |    0 |     0 |          0 |        32 |  0.00 |
| PLL                  |    0 |     0 |          0 |         8 |  0.00 |
| MMCM                 |    0 |     0 |          0 |         4 |  0.00 |
+----------------------+------+-------+------------+-----------+-------+
* Note: Each used BUFGCTRL counts as two GLOBAL CLOCK BUFFERs. This table does not include global clocking resources, only buffer cell usage. See the Clock Utilization Report (report_clock_utilization) for detailed accounting of global clocking resource availability.


7. ADVANCED
-----------

+-----------------+------+-------+------------+-----------+-------+
|    Site Type    | Used | Fixed | Prohibited | Available | Util% |
+-----------------+------+-------+------------+-----------+-------+
| GTHE4_CHANNEL   |    0 |     0 |          0 |        24 |  0.00 |
| GTHE4_COMMON    |    0 |     0 |          0 |         6 |  0.00 |
| OBUFDS_GTE4     |    0 |     0 |          0 |        12 |  0.00 |
| OBUFDS_GTE4_ADV |    0 |     0 |          0 |        12 |  0.00 |
| PS8             |    0 |     0 |          0 |         1 |  0.00 |
| SYSMONE4        |    0 |     0 |          0 |         1 |  0.00 |
+-----------------+------+-------+------------+-----------+-------+


8. CONFIGURATION
----------------

+-------------+------+-------+------------+-----------+-------+
|  Site Type  | Used | Fixed | Prohibited | Available | Util% |
+-------------+------+-------+------------+-----------+-------+
| BSCANE2     |    0 |     0 |          0 |         4 |  0.00 |
| DNA_PORTE2  |    0 |     0 |          0 |         1 |  0.00 |
| EFUSE_USR   |    0 |     0 |          0 |         1 |  0.00 |
| FRAME_ECCE4 |    0 |     0 |          0 |         1 |  0.00 |
| ICAPE3      |    0 |     0 |          0 |         2 |  0.00 |
| MASTER_JTAG |    0 |     0 |          0 |         1 |  0.00 |
| STARTUPE3   |    0 |     0 |          0 |         1 |  0.00 |
+-------------+------+-------+------------+-----------+-------+


9. Primitives
-------------

+----------+------+---------------------+
| Ref Name | Used | Functional Category |
+----------+------+---------------------+
| FDRE     | 4232 |            Register |
| LUT2     | 3878 |                 CLB |
| LUT3     |  774 |                 CLB |
| CARRY8   |  717 |                 CLB |
| LUT4     |  290 |                 CLB |
| LUT5     |  239 |                 CLB |
| LUT6     |  191 |                 CLB |
| LUT1     |  186 |                 CLB |
| DSP48E2  |  166 |          Arithmetic |
| INBUF    |  132 |                 I/O |
| IBUFCTRL |  132 |              Others |
| OBUF     |  100 |                 I/O |
| FDSE     |   12 |            Register |
| RAMB36E2 |    3 |            BLOCKRAM |
| SRL16E   |    1 |                 CLB |
| BUFGCE   |    1 |               Clock |
+----------+------+---------------------+


10. Black Boxes
---------------

+----------+------+
| Ref Name | Used |
+----------+------+


11. Instantiated Netlists
-------------------------

+------------------+------+
|     Ref Name     | Used |
+------------------+------+
| fifo_generator_0 |    1 |
+------------------+------+


